[22:50:20.701] [INFO] storybook v10.3.6
[22:50:20.831] [ERROR] [38;2;241;97;97mSB_CORE-SERVER_0007 (MainFileEvaluationError): Storybook couldn't evaluate your [33m.storybook\main.ts[39m file.

Original error:
[37mTypeError [ERR_UNKNOWN_FILE_EXTENSION]: Unknown file extension ".css" for C:\Users\48793\OneDrive\Pulpit\Proj_Praktyka\proj-praktyka\clarity\apps\web\src\styles.css
    at Object.getFileProtocolModuleFormat [as file:] (node:internal/modules/esm/get_format:185:9)
    at defaultGetFormat (node:internal/modules/esm/get_format:211:36)
    at defaultLoad (node:internal/modules/esm/load:94:16)
    at nextLoad (node:internal/modules/esm/hooks:785:28)
    at load (file:///C:/Users/48793/OneDrive/Pulpit/Proj_Praktyka/proj-praktyka/clarity/node_modules/storybook/dist/bin/loader.js:89:10)
    at nextLoad (node:internal/modules/esm/hooks:785:28)
    at AsyncLoaderHooksOnLoaderHookWorker.load (node:internal/modules/esm/hooks:410:26)
    at MessagePort.handleMessage (node:internal/modules/esm/worker:251:24)
    at [nodejs.internal.kHybridDispatch] (node:internal/event_target:843:20)
    at MessagePort.<anonymous> (node:internal/per_context/messageport:23:28)[39m[39m
    at loadMainConfig (file:///C:/Users/48793/OneDrive/Pulpit/Proj_Praktyka/proj-praktyka/clarity/node_modules/storybook/dist/_node-chunks/chunk-H4PWFMMO.js:11734:11)
    at async buildDevStandalone (file:///C:/Users/48793/OneDrive/Pulpit/Proj_Praktyka/proj-praktyka/clarity/node_modules/storybook/dist/core-server/index.js:7953:16)
    at async withTelemetry (file:///C:/Users/48793/OneDrive/Pulpit/Proj_Praktyka/proj-praktyka/clarity/node_modules/storybook/dist/_node-chunks/chunk-UYONHJJP.js:225:12)
    at async dev (file:///C:/Users/48793/OneDrive/Pulpit/Proj_Praktyka/proj-praktyka/clarity/node_modules/storybook/dist/bin/core.js:2736:3)
    at async _Command.<anonymous> (file:///C:/Users/48793/OneDrive/Pulpit/Proj_Praktyka/proj-praktyka/clarity/node_modules/storybook/dist/bin/core.js:2806:92)
[22:50:20.833] [WARN] Broken build, fix the error above.
You may need to refresh the browser.
[22:50:20.839] [WARN]   Failed to load preset: "C:/Users/48793/OneDrive/Pulpit/Proj_Praktyka/proj-praktyka/clarity/libs/ui/.storybook/main.ts"
[22:50:20.839] [ERROR] TypeError [ERR_UNKNOWN_FILE_EXTENSION]: Unknown file extension ".css" for C:\Users\48793\OneDrive\Pulpit\Proj_Praktyka\proj-praktyka\clarity\apps\web\src\styles.css
    at Object.getFileProtocolModuleFormat [as file:] (node:internal/modules/esm/get_format:185:9)
    at defaultGetFormat (node:internal/modules/esm/get_format:211:36)
    at defaultLoad (node:internal/modules/esm/load:94:16)
    at nextLoad (node:internal/modules/esm/hooks:785:28)
    at load (file:///C:/Users/48793/OneDrive/Pulpit/Proj_Praktyka/proj-praktyka/clarity/node_modules/storybook/dist/bin/loader.js:89:10)
    at nextLoad (node:internal/modules/esm/hooks:785:28)
    at AsyncLoaderHooksOnLoaderHookWorker.load (node:internal/modules/esm/hooks:410:26)
    at MessagePort.handleMessage (node:internal/modules/esm/worker:251:24)
    at [nodejs.internal.kHybridDispatch] (node:internal/event_target:843:20)
    at MessagePort.<anonymous> (node:internal/per_context/messageport:23:28)